c:\users\8587903\desktop\14.06.2018\v4-versao_final_aula06\infoburacovisualstudio\infoburaco\infoburaco\debug\vc141.pdb
c:\users\8587903\desktop\14.06.2018\v4-versao_final_aula06\infoburacovisualstudio\infoburaco\infoburaco\debug\tela5_3_registrar_cumprimento_os.obj
c:\users\8587903\desktop\14.06.2018\v4-versao_final_aula06\infoburacovisualstudio\infoburaco\infoburaco\debug\tela5_2_compor_saida.obj
c:\users\8587903\desktop\14.06.2018\v4-versao_final_aula06\infoburacovisualstudio\infoburaco\infoburaco\debug\tela5_1_gerenciar_os.obj
c:\users\8587903\desktop\14.06.2018\v4-versao_final_aula06\infoburacovisualstudio\infoburaco\infoburaco\debug\tela4_comunicacao.obj
c:\users\8587903\desktop\14.06.2018\v4-versao_final_aula06\infoburacovisualstudio\infoburaco\infoburaco\debug\tela4_3_responder_notificacoes.obj
c:\users\8587903\desktop\14.06.2018\v4-versao_final_aula06\infoburacovisualstudio\infoburaco\infoburaco\debug\tela4_2_registrar_notificacao.obj
c:\users\8587903\desktop\14.06.2018\v4-versao_final_aula06\infoburacovisualstudio\infoburaco\infoburaco\debug\tela4_1_registrar_buraco.obj
c:\users\8587903\desktop\14.06.2018\v4-versao_final_aula06\infoburacovisualstudio\infoburaco\infoburaco\debug\tela3_infraestrutura.obj
c:\users\8587903\desktop\14.06.2018\v4-versao_final_aula06\infoburacovisualstudio\infoburaco\infoburaco\debug\tela3_4_mobilizacao.obj
c:\users\8587903\desktop\14.06.2018\v4-versao_final_aula06\infoburacovisualstudio\infoburaco\infoburaco\debug\tela3_3_materiais.obj
c:\users\8587903\desktop\14.06.2018\v4-versao_final_aula06\infoburacovisualstudio\infoburaco\infoburaco\debug\tela3_3_2_cadastrar_material.obj
c:\users\8587903\desktop\14.06.2018\v4-versao_final_aula06\infoburacovisualstudio\infoburaco\infoburaco\debug\tela3_3_1_gerenciar_material.obj
c:\users\8587903\desktop\14.06.2018\v4-versao_final_aula06\infoburacovisualstudio\infoburaco\infoburaco\debug\tela3_2_equipamentos.obj
c:\users\8587903\desktop\14.06.2018\v4-versao_final_aula06\infoburacovisualstudio\infoburaco\infoburaco\debug\tela3_2_2_cadastrar_equipamento.obj
c:\users\8587903\desktop\14.06.2018\v4-versao_final_aula06\infoburacovisualstudio\infoburaco\infoburaco\debug\tela3_2_1_gerenciar_equipamento.obj
c:\users\8587903\desktop\14.06.2018\v4-versao_final_aula06\infoburacovisualstudio\infoburaco\infoburaco\debug\tela3_1_equipes.obj
c:\users\8587903\desktop\14.06.2018\v4-versao_final_aula06\infoburacovisualstudio\infoburaco\infoburaco\debug\tela3_1_2_cadastrar_equipe.obj
c:\users\8587903\desktop\14.06.2018\v4-versao_final_aula06\infoburacovisualstudio\infoburaco\infoburaco\debug\tela3_1_1_gerenciar_equipe.obj
c:\users\8587903\desktop\14.06.2018\v4-versao_final_aula06\infoburacovisualstudio\infoburaco\infoburaco\debug\tela2_inicio.obj
c:\users\8587903\desktop\14.06.2018\v4-versao_final_aula06\infoburacovisualstudio\infoburaco\infoburaco\debug\tela1_login.obj
c:\users\8587903\desktop\14.06.2018\v4-versao_final_aula06\infoburacovisualstudio\infoburaco\infoburaco\debug\tela7_administracao_usuarios.obj
c:\users\8587903\desktop\14.06.2018\v4-versao_final_aula06\infoburacovisualstudio\infoburaco\infoburaco\debug\tela7_2_cadastrar_usuario.obj
c:\users\8587903\desktop\14.06.2018\v4-versao_final_aula06\infoburacovisualstudio\infoburaco\infoburaco\debug\tela7_1_gerenciar_usuario.obj
c:\users\8587903\desktop\14.06.2018\v4-versao_final_aula06\infoburacovisualstudio\infoburaco\infoburaco\debug\tela6_faturamento.obj
c:\users\8587903\desktop\14.06.2018\v4-versao_final_aula06\infoburacovisualstudio\infoburaco\infoburaco\debug\tela6_2_fatura_mensal.obj
c:\users\8587903\desktop\14.06.2018\v4-versao_final_aula06\infoburacovisualstudio\infoburaco\infoburaco\debug\tela6_1_relatorio.obj
c:\users\8587903\desktop\14.06.2018\v4-versao_final_aula06\infoburacovisualstudio\infoburaco\infoburaco\debug\tela5_despacho.obj
c:\users\8587903\desktop\14.06.2018\v4-versao_final_aula06\infoburacovisualstudio\infoburaco\infoburaco\debug\infoburaco.tlog\cl.command.1.tlog
c:\users\8587903\desktop\14.06.2018\v4-versao_final_aula06\infoburacovisualstudio\infoburaco\infoburaco\debug\infoburaco.tlog\cl.read.1.tlog
c:\users\8587903\desktop\14.06.2018\v4-versao_final_aula06\infoburacovisualstudio\infoburaco\infoburaco\debug\infoburaco.tlog\cl.write.1.tlog
c:\users\8587903\desktop\14.06.2018\v4-versao_final_aula06\infoburacovisualstudio\infoburaco\infoburaco\debug\infoburaco.tlog\metagen.write.1.tlog
